<?xml version="1.0" encoding="UTF-8"?>
<!-- Generated by org.testng.reporters.JUnitReportReporter -->
<testsuite hostname="DESKTOP-V32AI34" failures="0" tests="1" name="sample_project.Frameworks" time="10.062" errors="0" timestamp="2024-03-18T16:13:13 IST" skipped="0">
  <testcase classname="sample_project.Frameworks" name="passtest" time="10.062"/>
  <system-out/>
</testsuite> <!-- sample_project.Frameworks -->
